TN:
SF:src/components/HootHome.tsx
FN:9,HootHome
FNF:1
FNH:0
FNDA:0,HootHome
DA:11,0
DA:12,0
DA:16,0
DA:17,0
DA:20,0
LF:5
LH:0
BRDA:16,0,0,0
BRDA:16,0,1,0
BRDA:17,1,0,0
BRDA:17,1,1,0
BRDA:22,2,0,0
BRDA:22,2,1,0
BRDA:23,3,0,0
BRDA:23,3,1,0
BRF:8
BRH:0
end_of_record
TN:
SF:src/components/HootLogin.tsx
FN:17,HootLogin
FN:23,(anonymous_1)
FN:26,(anonymous_2)
FN:30,(anonymous_3)
FN:58,(anonymous_4)
FN:71,(anonymous_5)
FNF:6
FNH:1
FNDA:2,HootLogin
FNDA:0,(anonymous_1)
FNDA:0,(anonymous_2)
FNDA:0,(anonymous_3)
FNDA:0,(anonymous_4)
FNDA:0,(anonymous_5)
DA:18,2
DA:20,2
DA:21,2
DA:23,2
DA:24,0
DA:25,0
DA:27,0
DA:28,0
DA:31,0
DA:33,0
DA:38,0
DA:40,2
DA:59,0
DA:72,0
LF:14
LH:5
BRF:0
BRH:0
end_of_record
TN:
SF:src/components/HootNav.tsx
FN:19,HootNav
FN:24,(anonymous_1)
FN:34,toggleDrawer
FN:61,(anonymous_3)
FN:84,(anonymous_4)
FN:92,(anonymous_5)
FN:95,(anonymous_6)
FN:119,(anonymous_7)
FNF:8
FNH:5
FNDA:8,HootNav
FNDA:7,(anonymous_1)
FNDA:5,toggleDrawer
FNDA:3,(anonymous_3)
FNDA:0,(anonymous_4)
FNDA:2,(anonymous_5)
FNDA:0,(anonymous_6)
FNDA:0,(anonymous_7)
DA:20,8
DA:22,7
DA:24,7
DA:25,7
DA:26,0
DA:28,7
DA:32,7
DA:38,5
DA:43,0
DA:46,5
DA:49,7
DA:62,3
DA:85,0
DA:93,2
DA:96,0
DA:120,0
DA:121,0
LF:17
LH:11
BRDA:25,0,0,0
BRDA:25,0,1,7
BRDA:38,1,0,0
BRDA:38,1,1,5
BRDA:39,2,0,5
BRDA:39,2,1,0
BRDA:39,2,2,0
BRDA:76,3,0,0
BRDA:76,3,1,7
BRDA:103,4,0,7
BRDA:103,4,1,0
BRDA:115,5,0,0
BRDA:115,5,1,7
BRF:13
BRH:6
end_of_record
TN:
SF:src/components/HootSignup.tsx
FN:10,HootSignup
FN:78,(anonymous_1)
FN:93,(anonymous_2)
FN:103,(anonymous_3)
FN:135,(anonymous_4)
FN:149,(anonymous_5)
FN:163,(anonymous_6)
FN:177,(anonymous_7)
FN:192,(anonymous_8)
FNF:9
FNH:1
FNDA:3,HootSignup
FNDA:0,(anonymous_1)
FNDA:0,(anonymous_2)
FNDA:0,(anonymous_3)
FNDA:0,(anonymous_4)
FNDA:0,(anonymous_5)
FNDA:0,(anonymous_6)
FNDA:0,(anonymous_7)
FNDA:0,(anonymous_8)
DA:14,3
DA:15,3
DA:16,3
DA:17,3
DA:18,3
DA:78,3
DA:79,0
DA:80,0
DA:88,0
DA:92,0
DA:94,0
DA:95,0
DA:98,0
DA:99,0
DA:104,0
DA:105,0
DA:112,0
DA:115,3
DA:136,0
DA:150,0
DA:164,0
DA:178,0
DA:193,0
LF:23
LH:7
BRDA:94,0,0,0
BRDA:94,0,1,0
BRDA:95,1,0,0
BRDA:95,1,1,0
BRDA:104,2,0,0
BRDA:104,2,1,0
BRF:6
BRH:0
end_of_record
TN:
SF:src/components/HootUserSettings.tsx
FN:5,HootUser
FNF:1
FNH:1
FNDA:1,HootUser
DA:6,1
DA:7,1
LF:2
LH:2
BRF:0
BRH:0
end_of_record
TN:
SF:src/components/Feed/MetaDataBar.tsx
FN:16,(anonymous_0)
FN:34,(anonymous_1)
FN:49,(anonymous_2)
FN:91,(anonymous_3)
FN:98,handleNavigate
FN:128,(anonymous_5)
FNF:6
FNH:4
FNDA:38,(anonymous_0)
FNDA:38,(anonymous_1)
FNDA:38,(anonymous_2)
FNDA:38,(anonymous_3)
FNDA:0,handleNavigate
FNDA:0,(anonymous_5)
DA:16,1
DA:19,38
DA:20,38
DA:21,38
DA:22,38
DA:24,38
DA:34,1
DA:37,38
DA:38,38
DA:39,38
DA:49,1
DA:52,38
DA:61,38
DA:67,38
DA:73,38
DA:74,38
DA:75,38
DA:77,38
DA:91,1
DA:95,38
DA:96,38
DA:97,38
DA:99,0
DA:101,38
DA:129,0
DA:130,0
LF:26
LH:23
BRDA:21,0,0,38
BRDA:21,0,1,0
BRDA:73,1,0,38
BRDA:73,1,1,0
BRF:4
BRH:2
end_of_record
TN:
SF:src/components/Feed/index.tsx
FN:7,(anonymous_0)
FN:17,(anonymous_1)
FNF:2
FNH:2
FNDA:2,(anonymous_0)
FNDA:38,(anonymous_1)
DA:7,1
DA:8,2
DA:18,38
LF:3
LH:3
BRF:0
BRH:0
end_of_record
TN:
SF:src/components/UserPost/index.tsx
FN:14,(anonymous_0)
FN:71,(anonymous_1)
FNF:2
FNH:0
FNDA:0,(anonymous_0)
FNDA:0,(anonymous_1)
DA:14,1
DA:16,0
DA:17,0
DA:18,0
DA:19,0
DA:20,0
DA:21,0
DA:22,0
DA:23,0
DA:24,0
DA:25,0
DA:72,0
LF:12
LH:1
BRF:0
BRH:0
end_of_record
